; TMEPT Assembler listing
; Source: example.asm

; Symbols:
;   COUNT                    = 0x0005  (5)
;   DMEM_BASE                = 0x0010  (16)
;   fib_step                 = 0x0060  (96)
;   halt                     = 0x8051  (32849)
;   main                     = 0x8000  (32768)
;   sum_loop                 = 0x8027  (32807)

  Addr  Bytes         Source
------------------------------------------------------------------------
  FFFC  00 80         .word $8000
  8000                
  8000  08 1C 77 00   
  8003  00 9C 60 00   
  8006                
  8006  08 20 88 00   
  8009  00 A0 51 00   
  800C                
  800C  08 04 11 00   XOR  R1, R1, R1
  800F  08 08 22 00   XOR  R2, R2, R2
  8012  08 0C 33 00   XOR  R3, R3, R3
  8015  08 10 44 00   XOR  R4, R4, R4
  8018  08 14 55 00   XOR  R5, R5, R5
  801B  08 18 66 00   XOR  R6, R6, R6
  801E  00 84 05 00   ADD   R1, COUNT
  8021  08 0C 33 00   
  8024  00 8C 27 00   
  8027                
  8027                
  8027  00 48 21 00   ADD   R2, R1
  802A  35 10 10 30   DJN   R1, R3
  802E  2D 4C 32 00   MOV   R3, R2
  8031  12 4C 30 00   INV   R3
  8034  1D 4C 30 00   REV   R3
  8037  00 94 01 00   ADD   R5, 1
  803A  3D 1C         CALL  R7
  803C  3D 1C         CALL  R7
  803E  3D 1C         CALL  R7
  8040  3D 1C         CALL  R7
  8042  3D 1C         CALL  R7
  8044  2D 58 62 00   MOV   R6, R2
  8047  2E 00 10      LMAR  DMEM_BASE
  804A  31 18         STOR  R6
  804C  08 18 66 00   XOR  R6, R6, R6
  804F  30 18         LOAD  R6
  8051                
  8051  26 20         JMP   R8
  0060                
  0060  3B 10         PUSH  R4
  0062  00 50 45 00   ADD   R4, R5
  0065  3C 14         POP   R5
  0067  3B 10         PUSH  R4
  0069  2D 50 45 00   MOV   R4, R5
  006C  3C 14         POP   R5
  006E  3E 00         RET
